  main.cpp
G:\repos\openg\openg\main.cpp(48,21): warning C4244: аргумент: преобразование "GLuint" в "_Ty", возможна потеря данных
          with
          [
              _Ty=float
          ]
G:\repos\openg\openg\main.cpp(54,21): warning C4244: аргумент: преобразование "GLuint" в "_Ty", возможна потеря данных
          with
          [
              _Ty=float
          ]
G:\repos\openg\openg\main.cpp(60,21): warning C4018: <: несоответствие типов со знаком и без знака
G:\repos\openg\openg\main.cpp(68,21): warning C4018: <: несоответствие типов со знаком и без знака
G:\repos\openg\openg\main.cpp(107,21): warning C4018: <: несоответствие типов со знаком и без знака
G:\repos\openg\openg\main.cpp(158,21): warning C4244: =: преобразование "_Rep" в "double", возможна потеря данных
          with
          [
              _Rep=__int64
          ]
G:\repos\openg\openg\main.cpp(194,21): warning C4018: <: несоответствие типов со знаком и без знака
G:\repos\openg\openg\main.cpp(260,21): warning C4244: =: преобразование "_Rep" в "double", возможна потеря данных
          with
          [
              _Rep=__int64
          ]
G:\repos\openg\openg\main.cpp(310,11): warning C4129: T: неизвестная escape-последовательность
  openg.vcxproj -> G:\repos\openg\x64\Debug\openg.exe
