  11lab.cpp
C:\Users\Шайтанмашина\source\repos\11lab\11lab\11lab.cpp(20,11): warning C4477: "scanf_s": в строке форматирования "%s" требуется аргумент типа "char *", но вариативный аргумент "1" имеет тип "char *(*)[100]"
C:\Users\Шайтанмашина\source\repos\11lab\11lab\11lab.cpp(20,11): message : этот аргумент используется описателем преобразования
C:\Users\Шайтанмашина\source\repos\11lab\11lab\11lab.cpp(20,11): warning C4473: "scanf_s": передано недостаточно аргументов для строки формата
C:\Users\Шайтанмашина\source\repos\11lab\11lab\11lab.cpp(20,11): message : заполнители и их параметры ожидают переменное число аргументов в количестве 2, но было предоставлено 1
C:\Users\Шайтанмашина\source\repos\11lab\11lab\11lab.cpp(20,11): message : отсутствующий вариативный аргумент "2" требуется для строки форматирования "%s"
C:\Users\Шайтанмашина\source\repos\11lab\11lab\11lab.cpp(20,11): message : этот аргумент используется в качестве размера буфера
C:\Users\Шайтанмашина\source\repos\11lab\11lab\11lab.cpp(22,11): warning C4477: "scanf_s": в строке форматирования "%s" требуется аргумент типа "char *", но вариативный аргумент "1" имеет тип "int *"
C:\Users\Шайтанмашина\source\repos\11lab\11lab\11lab.cpp(22,11): message : этот аргумент используется описателем преобразования
C:\Users\Шайтанмашина\source\repos\11lab\11lab\11lab.cpp(22,11): warning C4473: "scanf_s": передано недостаточно аргументов для строки формата
C:\Users\Шайтанмашина\source\repos\11lab\11lab\11lab.cpp(22,11): message : заполнители и их параметры ожидают переменное число аргументов в количестве 2, но было предоставлено 1
C:\Users\Шайтанмашина\source\repos\11lab\11lab\11lab.cpp(22,11): message : отсутствующий вариативный аргумент "2" требуется для строки форматирования "%s"
C:\Users\Шайтанмашина\source\repos\11lab\11lab\11lab.cpp(22,11): message : этот аргумент используется в качестве размера буфера
C:\Users\Шайтанмашина\source\repos\11lab\11lab\11lab.cpp(24,11): warning C4477: "scanf_s": в строке форматирования "%s" требуется аргумент типа "char *", но вариативный аргумент "1" имеет тип "float *"
C:\Users\Шайтанмашина\source\repos\11lab\11lab\11lab.cpp(24,11): message : этот аргумент используется описателем преобразования
C:\Users\Шайтанмашина\source\repos\11lab\11lab\11lab.cpp(24,11): warning C4473: "scanf_s": передано недостаточно аргументов для строки формата
C:\Users\Шайтанмашина\source\repos\11lab\11lab\11lab.cpp(24,11): message : заполнители и их параметры ожидают переменное число аргументов в количестве 2, но было предоставлено 1
C:\Users\Шайтанмашина\source\repos\11lab\11lab\11lab.cpp(24,11): message : отсутствующий вариативный аргумент "2" требуется для строки форматирования "%s"
C:\Users\Шайтанмашина\source\repos\11lab\11lab\11lab.cpp(24,11): message : этот аргумент используется в качестве размера буфера
C:\Users\Шайтанмашина\source\repos\11lab\11lab\11lab.cpp(36): error C4700: использована неинициализированная локальная переменная "str"
